2019-10-01 19:23:34.735  INFO 8872 --- [restartedMain] ru.rushydro.vniig.ias.IASApplication     : Starting IASApplication on DESKTOP-9TLA77Q with PID 8872 (started by Николай in C:\Users\Николай\IdeaProjects\iasboot)
2019-10-01 19:23:34.735  INFO 8872 --- [restartedMain] ru.rushydro.vniig.ias.IASApplication     : No active profile set, falling back to default profiles: default
2019-10-01 19:23:34.766  INFO 8872 --- [restartedMain] ConfigServletWebServerApplicationContext : Refreshing org.springframework.boot.web.servlet.context.AnnotationConfigServletWebServerApplicationContext@68e6116: startup date [Tue Oct 01 19:23:34 MSK 2019]; root of context hierarchy
2019-10-01 19:23:36.110  INFO 8872 --- [restartedMain] trationDelegate$BeanPostProcessorChecker : Bean 'webServiceConfig' of type [ru.rushydro.vniig.ias.config.WebServiceConfig$$EnhancerBySpringCGLIB$$ae4c7900] is not eligible for getting processed by all BeanPostProcessors (for example: not eligible for auto-proxying)
2019-10-01 19:23:36.110  INFO 8872 --- [restartedMain] trationDelegate$BeanPostProcessorChecker : Bean 'org.springframework.ws.config.annotation.DelegatingWsConfiguration' of type [org.springframework.ws.config.annotation.DelegatingWsConfiguration$$EnhancerBySpringCGLIB$$533fc6a0] is not eligible for getting processed by all BeanPostProcessors (for example: not eligible for auto-proxying)
2019-10-01 19:23:36.157  INFO 8872 --- [restartedMain] .w.s.a.s.AnnotationActionEndpointMapping : Supporting [WS-Addressing August 2004, WS-Addressing 1.0]
2019-10-01 19:23:36.235  INFO 8872 --- [restartedMain] trationDelegate$BeanPostProcessorChecker : Bean 'org.springframework.transaction.annotation.ProxyTransactionManagementConfiguration' of type [org.springframework.transaction.annotation.ProxyTransactionManagementConfiguration$$EnhancerBySpringCGLIB$$aea801a1] is not eligible for getting processed by all BeanPostProcessors (for example: not eligible for auto-proxying)
2019-10-01 19:23:36.641  INFO 8872 --- [restartedMain] o.s.b.w.embedded.tomcat.TomcatWebServer  : Tomcat initialized with port(s): 8080 (http)
2019-10-01 19:23:36.656  INFO 8872 --- [restartedMain] o.apache.catalina.core.StandardService   : Starting service [Tomcat]
2019-10-01 19:23:36.656  INFO 8872 --- [restartedMain] org.apache.catalina.core.StandardEngine  : Starting Servlet Engine: Apache Tomcat/8.5.34
2019-10-01 19:23:36.656  INFO 8872 --- [localhost-startStop-1] o.a.catalina.core.AprLifecycleListener   : The APR based Apache Tomcat Native library which allows optimal performance in production environments was not found on the java.library.path: [C:\Program Files\Java\jdk1.8.0_211\bin;C:\Windows\Sun\Java\bin;C:\Windows\system32;C:\Windows;C:\Program Files (x86)\Common Files\Oracle\Java\javapath;C:\Windows\system32;C:\Windows;C:\Windows\System32\Wbem;C:\Windows\System32\WindowsPowerShell\v1.0\;C:\Windows\System32\OpenSSH\;C:\Program Files (x86)\NVIDIA Corporation\PhysX\Common;C:\Program Files\Git\cmd;C:\Program Files\TortoiseSVN\bin;C:\Program Files\nodejs\;C:\Users\Николай\AppData\Local\Microsoft\WindowsApps;C:\Users\Николай\AppData\Roaming\npm;.]
2019-10-01 19:23:36.750  INFO 8872 --- [localhost-startStop-1] o.a.c.c.C.[Tomcat].[localhost].[/]       : Initializing Spring embedded WebApplicationContext
2019-10-01 19:23:36.750  INFO 8872 --- [localhost-startStop-1] o.s.web.context.ContextLoader            : Root WebApplicationContext: initialization completed in 1984 ms
2019-10-01 19:23:36.828  INFO 8872 --- [localhost-startStop-1] o.s.b.w.servlet.FilterRegistrationBean   : Mapping filter: 'characterEncodingFilter' to: [/*]
2019-10-01 19:23:36.828  INFO 8872 --- [localhost-startStop-1] o.s.b.w.servlet.FilterRegistrationBean   : Mapping filter: 'hiddenHttpMethodFilter' to: [/*]
2019-10-01 19:23:36.828  INFO 8872 --- [localhost-startStop-1] o.s.b.w.servlet.FilterRegistrationBean   : Mapping filter: 'httpPutFormContentFilter' to: [/*]
2019-10-01 19:23:36.828  INFO 8872 --- [localhost-startStop-1] o.s.b.w.servlet.FilterRegistrationBean   : Mapping filter: 'requestContextFilter' to: [/*]
2019-10-01 19:23:36.828  INFO 8872 --- [localhost-startStop-1] .s.DelegatingFilterProxyRegistrationBean : Mapping filter: 'springSecurityFilterChain' to: [/*]
2019-10-01 19:23:36.828  INFO 8872 --- [localhost-startStop-1] o.s.b.w.servlet.ServletRegistrationBean  : Servlet messageDispatcherServlet mapped to [/ws/*]
2019-10-01 19:23:36.828  INFO 8872 --- [localhost-startStop-1] o.s.b.w.servlet.ServletRegistrationBean  : Servlet dispatcherServlet mapped to [/]
2019-10-01 19:23:37.000  INFO 8872 --- [restartedMain] com.zaxxer.hikari.HikariDataSource       : HikariPool-1 - Starting...
2019-10-01 19:23:37.219  INFO 8872 --- [restartedMain] com.zaxxer.hikari.HikariDataSource       : HikariPool-1 - Start completed.
2019-10-01 19:23:37.266  INFO 8872 --- [restartedMain] j.LocalContainerEntityManagerFactoryBean : Building JPA container EntityManagerFactory for persistence unit 'default'
2019-10-01 19:23:38.234  INFO 8872 --- [restartedMain] j.LocalContainerEntityManagerFactoryBean : Initialized JPA EntityManagerFactory for persistence unit 'default'
2019-10-01 19:23:38.984  INFO 8872 --- [restartedMain] o.s.s.web.DefaultSecurityFilterChain     : Creating filter chain: org.springframework.security.web.util.matcher.AnyRequestMatcher@1, [org.springframework.security.web.context.request.async.WebAsyncManagerIntegrationFilter@53a5aa62, org.springframework.security.web.context.SecurityContextPersistenceFilter@30dbf4e8, org.springframework.security.web.header.HeaderWriterFilter@2213358c, org.springframework.security.web.authentication.logout.LogoutFilter@6bac7bed, org.springframework.security.web.authentication.UsernamePasswordAuthenticationFilter@22aae5aa, org.springframework.security.web.savedrequest.RequestCacheAwareFilter@76142bf4, org.springframework.security.web.servletapi.SecurityContextHolderAwareRequestFilter@6285357f, org.springframework.security.web.authentication.AnonymousAuthenticationFilter@75af3002, org.springframework.security.web.session.SessionManagementFilter@7c2e25c0, org.springframework.security.web.access.ExceptionTranslationFilter@7766b29a, org.springframework.security.web.access.intercept.FilterSecurityInterceptor@15bf6837]
2019-10-01 19:23:39.172  INFO 8872 --- [restartedMain] o.s.w.s.handler.SimpleUrlHandlerMapping  : Mapped URL path [/**/favicon.ico] onto handler of type [class org.springframework.web.servlet.resource.ResourceHttpRequestHandler]
2019-10-01 19:23:39.328  INFO 8872 --- [restartedMain] s.w.s.m.m.a.RequestMappingHandlerAdapter : Looking for @ControllerAdvice: org.springframework.boot.web.servlet.context.AnnotationConfigServletWebServerApplicationContext@68e6116: startup date [Tue Oct 01 19:23:34 MSK 2019]; root of context hierarchy
2019-10-01 19:23:39.343  WARN 8872 --- [restartedMain] aWebConfiguration$JpaWebMvcConfiguration : spring.jpa.open-in-view is enabled by default. Therefore, database queries may be performed during view rendering. Explicitly configure spring.jpa.open-in-view to disable this warning
2019-10-01 19:23:39.375  INFO 8872 --- [restartedMain] s.w.s.m.m.a.RequestMappingHandlerMapping : Mapped "{[/login]}" onto public java.lang.String ru.rushydro.vniig.ias.IASApplication.login()
2019-10-01 19:23:39.375  INFO 8872 --- [restartedMain] s.w.s.m.m.a.RequestMappingHandlerMapping : Mapped "{[/]}" onto java.lang.String ru.rushydro.vniig.ias.IASApplication.home(org.springframework.ui.Model)
2019-10-01 19:23:39.375  INFO 8872 --- [restartedMain] s.w.s.m.m.a.RequestMappingHandlerMapping : Mapped "{[/bing3/exchange]}" onto public ru.rushydro.vniig.ias.types.SimpleResponse ru.rushydro.vniig.ias.controller.Bing3Controller.saveSetting()
2019-10-01 19:23:39.375  INFO 8872 --- [restartedMain] s.w.s.m.m.a.RequestMappingHandlerMapping : Mapped "{[/exchange/signals]}" onto public java.util.List<ru.rushydro.vniig.ias.types.Signal> ru.rushydro.vniig.ias.controller.ExchangeController.getSignals()
2019-10-01 19:23:39.375  INFO 8872 --- [restartedMain] s.w.s.m.m.a.RequestMappingHandlerMapping : Mapped "{[/exchange/signal/save]}" onto public ru.rushydro.vniig.ias.types.SimpleResponse ru.rushydro.vniig.ias.controller.ExchangeController.saveSignal(ru.rushydro.vniig.ias.types.Signal)
2019-10-01 19:23:39.375  INFO 8872 --- [restartedMain] s.w.s.m.m.a.RequestMappingHandlerMapping : Mapped "{[/exchange/pl302s]}" onto public java.util.List<ru.rushydro.vniig.ias.types.PL302> ru.rushydro.vniig.ias.controller.ExchangeController.getPL302s()
2019-10-01 19:23:39.375  INFO 8872 --- [restartedMain] s.w.s.m.m.a.RequestMappingHandlerMapping : Mapped "{[/exchange/pl302/save]}" onto public ru.rushydro.vniig.ias.types.SimpleResponse ru.rushydro.vniig.ias.controller.ExchangeController.savePL302(ru.rushydro.vniig.ias.types.PL302)
2019-10-01 19:23:39.375  INFO 8872 --- [restartedMain] s.w.s.m.m.a.RequestMappingHandlerMapping : Mapped "{[/exchange/sensors]}" onto public java.util.List<ru.rushydro.vniig.ias.types.Sensor> ru.rushydro.vniig.ias.controller.ExchangeController.getSensors()
2019-10-01 19:23:39.375  INFO 8872 --- [restartedMain] s.w.s.m.m.a.RequestMappingHandlerMapping : Mapped "{[/exchange/sensor/save]}" onto public ru.rushydro.vniig.ias.types.SimpleResponse ru.rushydro.vniig.ias.controller.ExchangeController.saveSensor(ru.rushydro.vniig.ias.types.Sensor)
2019-10-01 19:23:39.375  INFO 8872 --- [restartedMain] s.w.s.m.m.a.RequestMappingHandlerMapping : Mapped "{[/exchange/combo/measures]}" onto public java.util.List<ru.rushydro.vniig.ias.types.Dictionary> ru.rushydro.vniig.ias.controller.ExchangeController.getMeasuresParamsDictionary()
2019-10-01 19:23:39.375  INFO 8872 --- [restartedMain] s.w.s.m.m.a.RequestMappingHandlerMapping : Mapped "{[/exchange/combo/sensors]}" onto public java.util.List<ru.rushydro.vniig.ias.types.Dictionary> ru.rushydro.vniig.ias.controller.ExchangeController.getSensorsDictionary()
2019-10-01 19:23:39.375  INFO 8872 --- [restartedMain] s.w.s.m.m.a.RequestMappingHandlerMapping : Mapped "{[/exchange/measures]}" onto public java.util.List<ru.rushydro.vniig.ias.types.Measure> ru.rushydro.vniig.ias.controller.ExchangeController.getMeasuresParams()
2019-10-01 19:23:39.375  INFO 8872 --- [restartedMain] s.w.s.m.m.a.RequestMappingHandlerMapping : Mapped "{[/exchange/measure/save]}" onto public ru.rushydro.vniig.ias.types.SimpleResponse ru.rushydro.vniig.ias.controller.ExchangeController.saveMeasuresParam(ru.rushydro.vniig.ias.types.Measure)
2019-10-01 19:23:39.375  INFO 8872 --- [restartedMain] s.w.s.m.m.a.RequestMappingHandlerMapping : Mapped "{[/exchange/combo/signalTypes]}" onto public java.util.List<ru.rushydro.vniig.ias.types.Dictionary> ru.rushydro.vniig.ias.controller.ExchangeController.getSignalTypesDictionary()
2019-10-01 19:23:39.375  INFO 8872 --- [restartedMain] s.w.s.m.m.a.RequestMappingHandlerMapping : Mapped "{[/interrogation/setting/save]}" onto public ru.rushydro.vniig.ias.types.SimpleResponse ru.rushydro.vniig.ias.controller.InterrogationController.saveSetting(ru.rushydro.vniig.ias.model.InterrogationSetting)
2019-10-01 19:23:39.375  INFO 8872 --- [restartedMain] s.w.s.m.m.a.RequestMappingHandlerMapping : Mapped "{[/interrogation/setting/get]}" onto public ru.rushydro.vniig.ias.model.InterrogationSetting ru.rushydro.vniig.ias.controller.InterrogationController.getSetting()
2019-10-01 19:23:39.375  INFO 8872 --- [restartedMain] s.w.s.m.m.a.RequestMappingHandlerMapping : Mapped "{[/rest/sendSignalValues],methods=[POST]}" onto public ru.rushydro.vniig.ias.webservice.SendSignalValuesResponse ru.rushydro.vniig.ias.controller.RestApiController.sendSignalValues(ru.rushydro.vniig.ias.webservice.SendSignalValuesRequest)
2019-10-01 19:23:39.375  INFO 8872 --- [restartedMain] s.w.s.m.m.a.RequestMappingHandlerMapping : Mapped "{[/test/tags]}" onto public ru.rushydro.vniig.ias.model.TestTagContainer ru.rushydro.vniig.ias.controller.TestController.testTag(java.lang.String)
2019-10-01 19:23:39.375  INFO 8872 --- [restartedMain] s.w.s.m.m.a.RequestMappingHandlerMapping : Mapped "{[/test/sendSensor],methods=[POST]}" onto public java.lang.String ru.rushydro.vniig.ias.controller.TestController.testSendSensor(ru.rushydro.vniig.ias.controller.model.SendSensorRequest)
2019-10-01 19:23:39.375  INFO 8872 --- [restartedMain] s.w.s.m.m.a.RequestMappingHandlerMapping : Mapped "{[/signals]}" onto public org.springframework.data.domain.Page<ru.rushydro.vniig.ias.model.Signal> ru.rushydro.vniig.ias.RestController.getSignals(org.springframework.data.domain.Pageable)
2019-10-01 19:23:39.375  INFO 8872 --- [restartedMain] s.w.s.m.m.a.RequestMappingHandlerMapping : Mapped "{[/sensors]}" onto public java.util.List<ru.rushydro.vniig.ias.model.Sensor> ru.rushydro.vniig.ias.RestController.getSensors()
2019-10-01 19:23:39.375  INFO 8872 --- [restartedMain] s.w.s.m.m.a.RequestMappingHandlerMapping : Mapped "{[/text-logs]}" onto public org.springframework.data.domain.Page<ru.rushydro.vniig.ias.dao.entity.Log> ru.rushydro.vniig.ias.RestController.getTextLogs(org.springframework.data.domain.Pageable,java.lang.String,java.lang.String,java.lang.String)
2019-10-01 19:23:39.375  INFO 8872 --- [restartedMain] s.w.s.m.m.a.RequestMappingHandlerMapping : Mapped "{[/logs]}" onto public org.springframework.data.domain.Page<ru.rushydro.vniig.ias.dao.entity.TaskLog> ru.rushydro.vniig.ias.RestController.getLogs(org.springframework.data.domain.Pageable,java.lang.String,java.lang.String,java.lang.String)
2019-10-01 19:23:39.375  INFO 8872 --- [restartedMain] s.w.s.m.m.a.RequestMappingHandlerMapping : Mapped "{[/signalsCount]}" onto public ru.rushydro.vniig.ias.model.PageCount ru.rushydro.vniig.ias.RestController.getSignalsCount()
2019-10-01 19:23:39.375  INFO 8872 --- [restartedMain] s.w.s.m.m.a.RequestMappingHandlerMapping : Mapped "{[/sensorGroups]}" onto public java.util.List<java.lang.String> ru.rushydro.vniig.ias.RestController.getSensorGroups()
2019-10-01 19:23:39.375  INFO 8872 --- [restartedMain] s.w.s.m.m.a.RequestMappingHandlerMapping : Mapped "{[/sensorTypes]}" onto public java.util.List<java.lang.String> ru.rushydro.vniig.ias.RestController.getSensorTypes()
2019-10-01 19:23:39.375  INFO 8872 --- [restartedMain] s.w.s.m.m.a.RequestMappingHandlerMapping : Mapped "{[/signalvalueext]}" onto public java.util.List<ru.rushydro.vniig.ias.types.SignalValueExt> ru.rushydro.vniig.ias.RestController.getSignalValueExt()
2019-10-01 19:23:39.375  INFO 8872 --- [restartedMain] s.w.s.m.m.a.RequestMappingHandlerMapping : Mapped "{[/controlElements]}" onto public java.util.List<java.lang.String> ru.rushydro.vniig.ias.RestController.getControlElements()
2019-10-01 19:23:39.375  INFO 8872 --- [restartedMain] s.w.s.m.m.a.RequestMappingHandlerMapping : Mapped "{[/measurementTypes]}" onto public java.util.List<java.lang.String> ru.rushydro.vniig.ias.RestController.getMeasurementTypes()
2019-10-01 19:23:39.375  INFO 8872 --- [restartedMain] s.w.s.m.m.a.RequestMappingHandlerMapping : Mapped "{[/controlObjects]}" onto public java.util.List<java.lang.String> ru.rushydro.vniig.ias.RestController.getControlObjects()
2019-10-01 19:23:39.375  INFO 8872 --- [restartedMain] s.w.s.m.m.a.RequestMappingHandlerMapping : Mapped "{[/error]}" onto public org.springframework.http.ResponseEntity<java.util.Map<java.lang.String, java.lang.Object>> org.springframework.boot.autoconfigure.web.servlet.error.BasicErrorController.error(javax.servlet.http.HttpServletRequest)
2019-10-01 19:23:39.375  INFO 8872 --- [restartedMain] s.w.s.m.m.a.RequestMappingHandlerMapping : Mapped "{[/error],produces=[text/html]}" onto public org.springframework.web.servlet.ModelAndView org.springframework.boot.autoconfigure.web.servlet.error.BasicErrorController.errorHtml(javax.servlet.http.HttpServletRequest,javax.servlet.http.HttpServletResponse)
2019-10-01 19:23:39.406  INFO 8872 --- [restartedMain] o.s.w.s.handler.SimpleUrlHandlerMapping  : Mapped URL path [/webjars/**] onto handler of type [class org.springframework.web.servlet.resource.ResourceHttpRequestHandler]
2019-10-01 19:23:39.406  INFO 8872 --- [restartedMain] o.s.w.s.handler.SimpleUrlHandlerMapping  : Mapped URL path [/**] onto handler of type [class org.springframework.web.servlet.resource.ResourceHttpRequestHandler]
2019-10-01 19:23:39.453  INFO 8872 --- [restartedMain] o.s.b.a.w.s.WelcomePageHandlerMapping    : Adding welcome page template: index
2019-10-01 19:23:39.578  INFO 8872 --- [restartedMain] o.s.w.s.v.f.FreeMarkerConfigurer         : ClassTemplateLoader for Spring macros added to FreeMarker configuration
2019-10-01 19:23:39.812  INFO 8872 --- [restartedMain] o.s.b.d.a.OptionalLiveReloadServer       : LiveReload server is running on port 35729
2019-10-01 19:23:39.828  INFO 8872 --- [restartedMain] o.s.j.e.a.AnnotationMBeanExporter        : Registering beans for JMX exposure on startup
2019-10-01 19:23:39.828  INFO 8872 --- [restartedMain] o.s.j.e.a.AnnotationMBeanExporter        : Bean with name 'mainDataSource' has been autodetected for JMX exposure
2019-10-01 19:23:39.828  INFO 8872 --- [restartedMain] o.s.j.e.a.AnnotationMBeanExporter        : Bean with name 'exchangeDataSource' has been autodetected for JMX exposure
2019-10-01 19:23:39.828  INFO 8872 --- [restartedMain] o.s.j.e.a.AnnotationMBeanExporter        : Located MBean 'exchangeDataSource': registering with JMX server as MBean [com.zaxxer.hikari:name=exchangeDataSource,type=HikariDataSource]
2019-10-01 19:23:39.843  INFO 8872 --- [restartedMain] o.s.j.e.a.AnnotationMBeanExporter        : Located MBean 'mainDataSource': registering with JMX server as MBean [com.zaxxer.hikari:name=mainDataSource,type=HikariDataSource]
2019-10-01 19:23:39.843  INFO 8872 --- [restartedMain] s.a.ScheduledAnnotationBeanPostProcessor : No TaskScheduler/ScheduledExecutorService bean found for scheduled processing
2019-10-01 19:23:39.906  INFO 8872 --- [pool-2-thread-1] .s.a.AnnotationAsyncExecutionInterceptor : No task executor bean found for async processing: no bean of type TaskExecutor and no bean named 'taskExecutor' either
2019-10-01 19:23:39.937  INFO 8872 --- [restartedMain] o.s.b.w.embedded.tomcat.TomcatWebServer  : Tomcat started on port(s): 8080 (http) with context path ''
2019-10-01 19:23:39.937  INFO 8872 --- [restartedMain] ru.rushydro.vniig.ias.IASApplication     : Started IASApplication in 5.452 seconds (JVM running for 7.013)
2019-10-01 19:26:26.679  INFO 8872 --- [http-nio-8080-exec-2] o.a.c.c.C.[Tomcat].[localhost].[/]       : Initializing Spring FrameworkServlet 'dispatcherServlet'
2019-10-01 19:26:26.679  INFO 8872 --- [http-nio-8080-exec-2] o.s.web.servlet.DispatcherServlet        : FrameworkServlet 'dispatcherServlet': initialization started
2019-10-01 19:26:26.693  INFO 8872 --- [http-nio-8080-exec-2] o.s.web.servlet.DispatcherServlet        : FrameworkServlet 'dispatcherServlet': initialization completed in 14 ms
2019-10-01 19:26:54.426  INFO 8872 --- [http-nio-8080-exec-2] r.r.v.i.s.SignalValueExtRestService      : Сохранение данных датчиков в базу данных.
2019-10-01 19:27:09.862  INFO 8872 --- [http-nio-8080-exec-5] r.r.v.i.s.SignalValueExtRestService      : Сохранение данных датчиков в базу данных.
2019-10-01 19:27:23.159  INFO 8872 --- [Thread-20] ConfigServletWebServerApplicationContext : Closing org.springframework.boot.web.servlet.context.AnnotationConfigServletWebServerApplicationContext@68e6116: startup date [Tue Oct 01 19:23:34 MSK 2019]; root of context hierarchy
2019-10-01 19:27:23.159  INFO 8872 --- [Thread-20] o.s.j.e.a.AnnotationMBeanExporter        : Unregistering JMX-exposed beans on shutdown
2019-10-01 19:27:23.159  INFO 8872 --- [Thread-20] o.s.j.e.a.AnnotationMBeanExporter        : Unregistering JMX-exposed beans
2019-10-01 19:27:23.159  INFO 8872 --- [Thread-20] j.LocalContainerEntityManagerFactoryBean : Closing JPA EntityManagerFactory for persistence unit 'default'
2019-10-01 19:27:23.159  INFO 8872 --- [Thread-20] com.zaxxer.hikari.HikariDataSource       : HikariPool-1 - Shutdown initiated...
2019-10-01 19:27:23.159  INFO 8872 --- [Thread-20] com.zaxxer.hikari.HikariDataSource       : HikariPool-1 - Shutdown completed.
